<?xml version="1.0" encoding="UTF-8"?>
<!-- Generated by org.testng.reporters.JUnitReportReporter -->
<testsuite hostname="DESKTOP-LMVV8RC" failures="0" tests="4" name="tests.RegistrationTests" time="32.024" errors="0" timestamp="2024-08-10T12:47:48 IST" skipped="0">
  <testcase classname="tests.RegistrationTests" name="testPhoneValidations" time="14.963"/>
  <testcase classname="tests.RegistrationTests" name="testCountryDropdown" time="7.238"/>
  <testcase classname="tests.RegistrationTests" name="testDobErrorFluent" time="5.161"/>
  <testcase classname="tests.RegistrationTests" name="testDobError" time="4.662"/>
</testsuite> <!-- tests.RegistrationTests -->
