<?xml version="1.0" encoding="UTF-8"?>
<!-- Generated by org.testng.reporters.JUnitReportReporter -->
<testsuite hostname="DESKTOP-LMVV8RC" failures="0" tests="4" name="tests.FilterTests" time="36.099" errors="0" timestamp="2024-08-10T12:17:10 IST" skipped="0">
  <testcase classname="tests.FilterTests" name="testSortPrices" time="7.926"/>
  <testcase classname="tests.FilterTests" name="testSortNames" time="11.704"/>
  <testcase classname="tests.FilterTests" name="testFilterCategoryResults" time="8.753"/>
  <testcase classname="tests.FilterTests" name="testNoFilterResults" time="7.716"/>
</testsuite> <!-- tests.FilterTests -->
