<?xml version="1.0" encoding="UTF-8"?>
<!-- Generated by org.testng.reporters.JUnitReportReporter -->
<testsuite hostname="DESKTOP-LMVV8RC" failures="0" tests="4" name="tests.FilterTests" time="24.012" errors="0" timestamp="2024-08-09T15:19:42 IST" skipped="0">
  <testcase classname="tests.FilterTests" name="testSortPrices" time="8.082"/>
  <testcase classname="tests.FilterTests" name="testFilterCategoryResults" time="6.124"/>
  <testcase classname="tests.FilterTests" name="testNoFilterResults" time="4.891"/>
  <testcase classname="tests.FilterTests" name="testSortNames" time="4.915"/>
</testsuite> <!-- tests.FilterTests -->
