<?xml version="1.0" encoding="UTF-8"?>
<!-- Generated by org.testng.reporters.JUnitReportReporter -->
<testsuite hostname="DESKTOP-LMVV8RC" failures="0" tests="3" name="tests.HomePageTests" time="9.760" errors="0" timestamp="2024-08-09T15:19:42 IST" skipped="0">
  <testcase classname="tests.HomePageTests" name="testCategories" time="4.259"/>
  <testcase classname="tests.HomePageTests" name="testHeader" time="3.163"/>
  <testcase classname="tests.HomePageTests" name="testFooter" time="2.338"/>
</testsuite> <!-- tests.HomePageTests -->
