<?xml version="1.0" encoding="UTF-8"?>
<!-- Generated by org.testng.reporters.JUnitReportReporter -->
<testsuite hostname="DESKTOP-LMVV8RC" failures="0" tests="3" name="tests.RegistrationTests" time="22.581" errors="0" timestamp="2024-08-09T15:19:42 IST" skipped="0">
  <testcase classname="tests.RegistrationTests" name="testCountryDropdown" time="3.993"/>
  <testcase classname="tests.RegistrationTests" name="testDobError" time="4.077"/>
  <testcase classname="tests.RegistrationTests" name="testPhoneValidations" time="14.511"/>
</testsuite> <!-- tests.RegistrationTests -->
